Start testing: Jan 16 23:43 Central Standard Time
----------------------------------------------------------
1/1 Testing: ConstructorTest.DefaultValuesSetCorrectly
1/1 Test: ConstructorTest.DefaultValuesSetCorrectly
Command: "C:/Users/ndnes/Dropbox/projects/code/branches/atp/build/Debug/constructor.exe" "--gtest_filter=ConstructorTest.DefaultValuesSetCorrectly" "--gtest_also_run_disabled_tests"
Directory: C:/Users/ndnes/Dropbox/projects/code/branches/atp/build
"ConstructorTest.DefaultValuesSetCorrectly" start time: Jan 16 23:43 Central Standard Time
Output:
----------------------------------------------------------
Running main() from C:\Users\ndnes\Dropbox\projects\code\branches\atp\build\_deps\googletest-src\googletest\src\gtest_main.cc
Note: Google Test filter = ConstructorTest.DefaultValuesSetCorrectly
[==========] Running 1 test from 1 test suite.
[----------] Global test environment set-up.
[----------] 1 test from ConstructorTest
[ RUN      ] ConstructorTest.DefaultValuesSetCorrectly
[       OK ] ConstructorTest.DefaultValuesSetCorrectly (0 ms)
[----------] 1 test from ConstructorTest (0 ms total)

[----------] Global test environment tear-down
[==========] 1 test from 1 test suite ran. (0 ms total)
[  PASSED  ] 1 test.
<end of output>
Test time =   0.01 sec
----------------------------------------------------------
Test Passed.
"ConstructorTest.DefaultValuesSetCorrectly" end time: Jan 16 23:43 Central Standard Time
"ConstructorTest.DefaultValuesSetCorrectly" time elapsed: 00:00:00
----------------------------------------------------------

End testing: Jan 16 23:43 Central Standard Time
