Start testing: Jan 04 14:54 Central Standard Time
----------------------------------------------------------
1/1 Testing: HelloTest.BasicAssertions
1/1 Test: HelloTest.BasicAssertions
Command: "C:/Users/ndnes/Dropbox/projects/code/branches/test/build/Debug/atps.exe" "--gtest_filter=HelloTest.BasicAssertions" "--gtest_also_run_disabled_tests"
Directory: C:/Users/ndnes/Dropbox/projects/code/branches/test/build
"HelloTest.BasicAssertions" start time: Jan 04 14:54 Central Standard Time
Output:
----------------------------------------------------------
Running main() from C:\Users\ndnes\Dropbox\projects\code\branches\test\build\_deps\googletest-src\googletest\src\gtest_main.cc
Note: Google Test filter = HelloTest.BasicAssertions
[==========] Running 1 test from 1 test suite.
[----------] Global test environment set-up.
[----------] 1 test from HelloTest
[ RUN      ] HelloTest.BasicAssertions
[       OK ] HelloTest.BasicAssertions (0 ms)
[----------] 1 test from HelloTest (0 ms total)

[----------] Global test environment tear-down
[==========] 1 test from 1 test suite ran. (0 ms total)
[  PASSED  ] 1 test.
<end of output>
Test time =   0.01 sec
----------------------------------------------------------
Test Passed.
"HelloTest.BasicAssertions" end time: Jan 04 14:54 Central Standard Time
"HelloTest.BasicAssertions" time elapsed: 00:00:00
----------------------------------------------------------

End testing: Jan 04 14:54 Central Standard Time
